# JRE version: OpenJDK Runtime Environment Temurin-21.0.10+7 (21.0.10+7) (build 21.0.10+7-LTS)
# Java VM: OpenJDK 64-Bit Server VM Temurin-21.0.10+7 (21.0.10+7-LTS, mixed mode, sharing, tiered, compressed oops, compressed class ptrs, parallel gc, windows-amd64)
GC Precious Log:
 CardTable entry size: 512
 CPUs: 8 total, 8 available
 Memory: 15610M
 Large Page Support: Disabled
 NUMA Support: Disabled
 Compressed Oops: Enabled (32-bit)
 Alignments: Space 512K, Generation 512K, Heap 2M
 Heap Min Capacity: 100M
 Heap Initial Capacity: 100M
 Heap Max Capacity: 2G
 Pre-touch: Disabled
 Parallel Workers: 8
Heap:
 PSYoungGen      total 13312K, used 4828K [0x00000000d5580000, 0x00000000d6500000, 0x0000000100000000)
  eden space 12288K, 33% used [0x00000000d5580000,0x00000000d598f068,0x00000000d6180000)
  from space 1024K, 65% used [0x00000000d6200000,0x00000000d62a8000,0x00000000d6300000)
  to   space 1536K, 0% used [0x00000000d6380000,0x00000000d6380000,0x00000000d6500000)
 ParOldGen       total 86528K, used 86241K [0x0000000080000000, 0x0000000085480000, 0x00000000d5580000)
  object space 86528K, 99% used [0x0000000080000000,0x0000000085438728,0x0000000085480000)
 Metaspace       used 71151K, committed 72640K, reserved 1114112K
  class space    used 7498K, committed 8192K, reserved 1048576K
GC Heap History (20 events):
Event: 224.039 GC heap before
{Heap before GC invocations=85 (full 3):
 PSYoungGen      total 13312K, used 13210K [0x00000000d5580000, 0x00000000d6380000, 0x0000000100000000)
  eden space 12288K, 100% used [0x00000000d5580000,0x00000000d6180000,0x00000000d6180000)
  from space 1024K, 90% used [0x00000000d6180000,0x00000000d62669c0,0x00000000d6280000)
  to   space 1024K, 0% used [0x00000000d6280000,0x00000000d6280000,0x00000000d6380000)
 ParOldGen       total 69632K, used 69520K [0x0000000080000000, 0x0000000084400000, 0x00000000d5580000)
  object space 69632K, 99% used [0x0000000080000000,0x00000000843e40d0,0x0000000084400000)
 Metaspace       used 70564K, committed 72064K, reserved 1114112K
  class space    used 7469K, committed 8192K, reserved 1048576K
}
Event: 224.041 GC heap after
{Heap after GC invocations=85 (full 3):
 PSYoungGen      total 13312K, used 599K [0x00000000d5580000, 0x00000000d6380000, 0x0000000100000000)
  eden space 12288K, 0% used [0x00000000d5580000,0x00000000d5580000,0x00000000d6180000)
  from space 1024K, 58% used [0x00000000d6280000,0x00000000d6315fa8,0x00000000d6380000)
  to   space 1024K, 0% used [0x00000000d6180000,0x00000000d6180000,0x00000000d6280000)
 ParOldGen       total 70656K, used 70337K [0x0000000080000000, 0x0000000084500000, 0x00000000d5580000)
  object space 70656K, 99% used [0x0000000080000000,0x00000000844b0590,0x0000000084500000)
 Metaspace       used 70564K, committed 72064K, reserved 1114112K
  class space    used 7469K, committed 8192K, reserved 1048576K
}
Event: 224.221 GC heap before
{Heap before GC invocations=86 (full 3):
 PSYoungGen      total 13312K, used 12887K [0x00000000d5580000, 0x00000000d6380000, 0x0000000100000000)
  eden space 12288K, 100% used [0x00000000d5580000,0x00000000d6180000,0x00000000d6180000)
  from space 1024K, 58% used [0x00000000d6280000,0x00000000d6315fa8,0x00000000d6380000)
  to   space 1024K, 0% used [0x00000000d6180000,0x00000000d6180000,0x00000000d6280000)
 ParOldGen       total 70656K, used 70337K [0x0000000080000000, 0x0000000084500000, 0x00000000d5580000)
  object space 70656K, 99% used [0x0000000080000000,0x00000000844b0590,0x0000000084500000)
 Metaspace       used 70566K, committed 72064K, reserved 1114112K
  class space    used 7469K, committed 8192K, reserved 1048576K
}
Event: 224.223 GC heap after
{Heap after GC invocations=86 (full 3):
 PSYoungGen      total 13312K, used 766K [0x00000000d5580000, 0x00000000d6380000, 0x0000000100000000)
  eden space 12288K, 0% used [0x00000000d5580000,0x00000000d5580000,0x00000000d6180000)
  from space 1024K, 74% used [0x00000000d6180000,0x00000000d623fad8,0x00000000d6280000)
  to   space 1024K, 0% used [0x00000000d6280000,0x00000000d6280000,0x00000000d6380000)
 ParOldGen       total 71168K, used 70838K [0x0000000080000000, 0x0000000084580000, 0x00000000d5580000)
  object space 71168K, 99% used [0x0000000080000000,0x000000008452d810,0x0000000084580000)
 Metaspace       used 70566K, committed 72064K, reserved 1114112K
  class space    used 7469K, committed 8192K, reserved 1048576K
}
Event: 224.279 GC heap before
{Heap before GC invocations=87 (full 3):
 PSYoungGen      total 13312K, used 12398K [0x00000000d5580000, 0x00000000d6380000, 0x0000000100000000)
  eden space 12288K, 94% used [0x00000000d5580000,0x00000000d60dbe88,0x00000000d6180000)
  from space 1024K, 74% used [0x00000000d6180000,0x00000000d623fad8,0x00000000d6280000)
  to   space 1024K, 0% used [0x00000000d6280000,0x00000000d6280000,0x00000000d6380000)
 ParOldGen       total 71168K, used 70838K [0x0000000080000000, 0x0000000084580000, 0x00000000d5580000)
  object space 71168K, 99% used [0x0000000080000000,0x000000008452d810,0x0000000084580000)
 Metaspace       used 70568K, committed 72064K, reserved 1114112K
  class space    used 7469K, committed 8192K, reserved 1048576K
}
Event: 224.281 GC heap after
{Heap after GC invocations=87 (full 3):
 PSYoungGen      total 13312K, used 669K [0x00000000d5580000, 0x00000000d6380000, 0x0000000100000000)
  eden space 12288K, 0% used [0x00000000d5580000,0x00000000d5580000,0x00000000d6180000)
  from space 1024K, 65% used [0x00000000d6280000,0x00000000d63275d8,0x00000000d6380000)
  to   space 1024K, 0% used [0x00000000d6180000,0x00000000d6180000,0x00000000d6280000)
 ParOldGen       total 71680K, used 71439K [0x0000000080000000, 0x0000000084600000, 0x00000000d5580000)
  object space 71680K, 99% used [0x0000000080000000,0x00000000845c3f28,0x0000000084600000)
 Metaspace       used 70568K, committed 72064K, reserved 1114112K
  class space    used 7469K, committed 8192K, reserved 1048576K
}
Event: 225.227 GC heap before
{Heap before GC invocations=88 (full 3):
 PSYoungGen      total 13312K, used 12930K [0x00000000d5580000, 0x00000000d6380000, 0x0000000100000000)
  eden space 12288K, 99% used [0x00000000d5580000,0x00000000d6179238,0x00000000d6180000)
  from space 1024K, 65% used [0x00000000d6280000,0x00000000d63275d8,0x00000000d6380000)
  to   space 1024K, 0% used [0x00000000d6180000,0x00000000d6180000,0x00000000d6280000)
 ParOldGen       total 71680K, used 71439K [0x0000000080000000, 0x0000000084600000, 0x00000000d5580000)
  object space 71680K, 99% used [0x0000000080000000,0x00000000845c3f28,0x0000000084600000)
 Metaspace       used 70660K, committed 72192K, reserved 1114112K
  class space    used 7481K, committed 8192K, reserved 1048576K
}
Event: 225.230 GC heap after
{Heap after GC invocations=88 (full 3):
 PSYoungGen      total 13312K, used 996K [0x00000000d5580000, 0x00000000d6780000, 0x0000000100000000)
  eden space 12288K, 0% used [0x00000000d5580000,0x00000000d5580000,0x00000000d6180000)
  from space 1024K, 97% used [0x00000000d6180000,0x00000000d6279190,0x00000000d6280000)
  to   space 3072K, 0% used [0x00000000d6480000,0x00000000d6480000,0x00000000d6780000)
 ParOldGen       total 73216K, used 73066K [0x0000000080000000, 0x0000000084780000, 0x00000000d5580000)
  object space 73216K, 99% used [0x0000000080000000,0x000000008475a920,0x0000000084780000)
 Metaspace       used 70660K, committed 72192K, reserved 1114112K
  class space    used 7481K, committed 8192K, reserved 1048576K
}
Event: 225.616 GC heap before
{Heap before GC invocations=89 (full 3):
 PSYoungGen      total 13312K, used 13284K [0x00000000d5580000, 0x00000000d6780000, 0x0000000100000000)
  eden space 12288K, 100% used [0x00000000d5580000,0x00000000d6180000,0x00000000d6180000)
  from space 1024K, 97% used [0x00000000d6180000,0x00000000d6279190,0x00000000d6280000)
  to   space 3072K, 0% used [0x00000000d6480000,0x00000000d6480000,0x00000000d6780000)
 ParOldGen       total 73216K, used 73066K [0x0000000080000000, 0x0000000084780000, 0x00000000d5580000)
  object space 73216K, 99% used [0x0000000080000000,0x000000008475a920,0x0000000084780000)
 Metaspace       used 70758K, committed 72256K, reserved 1114112K
  class space    used 7489K, committed 8192K, reserved 1048576K
}
Event: 225.621 GC heap after
{Heap after GC invocations=89 (full 3):
 PSYoungGen      total 15360K, used 2768K [0x00000000d5580000, 0x00000000d6780000, 0x0000000100000000)
  eden space 12288K, 0% used [0x00000000d5580000,0x00000000d5580000,0x00000000d6180000)
  from space 3072K, 90% used [0x00000000d6480000,0x00000000d6734030,0x00000000d6780000)
  to   space 3072K, 0% used [0x00000000d6180000,0x00000000d6180000,0x00000000d6480000)
 ParOldGen       total 74240K, used 73953K [0x0000000080000000, 0x0000000084880000, 0x00000000d5580000)
  object space 74240K, 99% used [0x0000000080000000,0x0000000084838498,0x0000000084880000)
 Metaspace       used 70758K, committed 72256K, reserved 1114112K
  class space    used 7489K, committed 8192K, reserved 1048576K
}
Event: 225.951 GC heap before
{Heap before GC invocations=90 (full 3):
 PSYoungGen      total 15360K, used 15056K [0x00000000d5580000, 0x00000000d6780000, 0x0000000100000000)
  eden space 12288K, 100% used [0x00000000d5580000,0x00000000d6180000,0x00000000d6180000)
  from space 3072K, 90% used [0x00000000d6480000,0x00000000d6734030,0x00000000d6780000)
  to   space 3072K, 0% used [0x00000000d6180000,0x00000000d6180000,0x00000000d6480000)
 ParOldGen       total 74240K, used 73953K [0x0000000080000000, 0x0000000084880000, 0x00000000d5580000)
  object space 74240K, 99% used [0x0000000080000000,0x0000000084838498,0x0000000084880000)
 Metaspace       used 70874K, committed 72384K, reserved 1114112K
  class space    used 7490K, committed 8192K, reserved 1048576K
}
Event: 225.957 GC heap after
{Heap after GC invocations=90 (full 3):
 PSYoungGen      total 15360K, used 2560K [0x00000000d5580000, 0x00000000d6780000, 0x0000000100000000)
  eden space 12288K, 0% used [0x00000000d5580000,0x00000000d5580000,0x00000000d6180000)
  from space 3072K, 83% used [0x00000000d6180000,0x00000000d6400020,0x00000000d6480000)
  to   space 3072K, 0% used [0x00000000d6480000,0x00000000d6480000,0x00000000d6780000)
 ParOldGen       total 76800K, used 76596K [0x0000000080000000, 0x0000000084b00000, 0x00000000d5580000)
  object space 76800K, 99% used [0x0000000080000000,0x0000000084acd268,0x0000000084b00000)
 Metaspace       used 70874K, committed 72384K, reserved 1114112K
  class space    used 7490K, committed 8192K, reserved 1048576K
}
Event: 226.327 GC heap before
{Heap before GC invocations=91 (full 3):
 PSYoungGen      total 15360K, used 14848K [0x00000000d5580000, 0x00000000d6780000, 0x0000000100000000)
  eden space 12288K, 100% used [0x00000000d5580000,0x00000000d6180000,0x00000000d6180000)
  from space 3072K, 83% used [0x00000000d6180000,0x00000000d6400020,0x00000000d6480000)
  to   space 3072K, 0% used [0x00000000d6480000,0x00000000d6480000,0x00000000d6780000)
 ParOldGen       total 76800K, used 76596K [0x0000000080000000, 0x0000000084b00000, 0x00000000d5580000)
  object space 76800K, 99% used [0x0000000080000000,0x0000000084acd268,0x0000000084b00000)
 Metaspace       used 70972K, committed 72512K, reserved 1114112K
  class space    used 7490K, committed 8192K, reserved 1048576K
}
Event: 226.332 GC heap after
{Heap after GC invocations=91 (full 3):
 PSYoungGen      total 15360K, used 2624K [0x00000000d5580000, 0x00000000d6780000, 0x0000000100000000)
  eden space 12288K, 0% used [0x00000000d5580000,0x00000000d5580000,0x00000000d6180000)
  from space 3072K, 85% used [0x00000000d6480000,0x00000000d6710020,0x00000000d6780000)
  to   space 3072K, 0% used [0x00000000d6180000,0x00000000d6180000,0x00000000d6480000)
 ParOldGen       total 79360K, used 78961K [0x0000000080000000, 0x0000000084d80000, 0x00000000d5580000)
  object space 79360K, 99% used [0x0000000080000000,0x0000000084d1c578,0x0000000084d80000)
 Metaspace       used 70972K, committed 72512K, reserved 1114112K
  class space    used 7490K, committed 8192K, reserved 1048576K
}
Event: 226.772 GC heap before
{Heap before GC invocations=92 (full 3):
 PSYoungGen      total 15360K, used 14912K [0x00000000d5580000, 0x00000000d6780000, 0x0000000100000000)
  eden space 12288K, 100% used [0x00000000d5580000,0x00000000d6180000,0x00000000d6180000)
  from space 3072K, 85% used [0x00000000d6480000,0x00000000d6710020,0x00000000d6780000)
  to   space 3072K, 0% used [0x00000000d6180000,0x00000000d6180000,0x00000000d6480000)
 ParOldGen       total 79360K, used 78961K [0x0000000080000000, 0x0000000084d80000, 0x00000000d5580000)
  object space 79360K, 99% used [0x0000000080000000,0x0000000084d1c578,0x0000000084d80000)
 Metaspace       used 71030K, committed 72576K, reserved 1114112K
  class space    used 7495K, committed 8192K, reserved 1048576K
}
Event: 226.778 GC heap after
{Heap after GC invocations=92 (full 3):
 PSYoungGen      total 15360K, used 2592K [0x00000000d5580000, 0x00000000d6780000, 0x0000000100000000)
  eden space 12288K, 0% used [0x00000000d5580000,0x00000000d5580000,0x00000000d6180000)
  from space 3072K, 84% used [0x00000000d6180000,0x00000000d6408020,0x00000000d6480000)
  to   space 3072K, 0% used [0x00000000d6480000,0x00000000d6480000,0x00000000d6780000)
 ParOldGen       total 81920K, used 81425K [0x0000000080000000, 0x0000000085000000, 0x00000000d5580000)
  object space 81920K, 99% used [0x0000000080000000,0x0000000084f84608,0x0000000085000000)
 Metaspace       used 71030K, committed 72576K, reserved 1114112K
  class space    used 7495K, committed 8192K, reserved 1048576K
}
Event: 227.041 GC heap before
{Heap before GC invocations=93 (full 3):
 PSYoungGen      total 15360K, used 14880K [0x00000000d5580000, 0x00000000d6780000, 0x0000000100000000)
  eden space 12288K, 100% used [0x00000000d5580000,0x00000000d6180000,0x00000000d6180000)
  from space 3072K, 84% used [0x00000000d6180000,0x00000000d6408020,0x00000000d6480000)
  to   space 3072K, 0% used [0x00000000d6480000,0x00000000d6480000,0x00000000d6780000)
 ParOldGen       total 81920K, used 81425K [0x0000000080000000, 0x0000000085000000, 0x00000000d5580000)
  object space 81920K, 99% used [0x0000000080000000,0x0000000084f84608,0x0000000085000000)
 Metaspace       used 71103K, committed 72640K, reserved 1114112K
  class space    used 7496K, committed 8192K, reserved 1048576K
}
Event: 227.046 GC heap after
{Heap after GC invocations=93 (full 3):
 PSYoungGen      total 14848K, used 2528K [0x00000000d5580000, 0x00000000d6700000, 0x0000000100000000)
  eden space 12288K, 0% used [0x00000000d5580000,0x00000000d5580000,0x00000000d6180000)
  from space 2560K, 98% used [0x00000000d6480000,0x00000000d66f8020,0x00000000d6700000)
  to   space 2560K, 0% used [0x00000000d6200000,0x00000000d6200000,0x00000000d6480000)
 ParOldGen       total 83968K, used 83848K [0x0000000080000000, 0x0000000085200000, 0x00000000d5580000)
  object space 83968K, 99% used [0x0000000080000000,0x00000000851e23e8,0x0000000085200000)
 Metaspace       used 71103K, committed 72640K, reserved 1114112K
  class space    used 7496K, committed 8192K, reserved 1048576K
}
Event: 227.365 GC heap before
{Heap before GC invocations=94 (full 3):
 PSYoungGen      total 14848K, used 14816K [0x00000000d5580000, 0x00000000d6700000, 0x0000000100000000)
  eden space 12288K, 100% used [0x00000000d5580000,0x00000000d6180000,0x00000000d6180000)
  from space 2560K, 98% used [0x00000000d6480000,0x00000000d66f8020,0x00000000d6700000)
  to   space 2560K, 0% used [0x00000000d6200000,0x00000000d6200000,0x00000000d6480000)
 ParOldGen       total 83968K, used 83848K [0x0000000080000000, 0x0000000085200000, 0x00000000d5580000)
  object space 83968K, 99% used [0x0000000080000000,0x00000000851e23e8,0x0000000085200000)
 Metaspace       used 71151K, committed 72640K, reserved 1114112K
  class space    used 7498K, committed 8192K, reserved 1048576K
}
Event: 227.368 GC heap after
{Heap after GC invocations=94 (full 3):
 PSYoungGen      total 13312K, used 672K [0x00000000d5580000, 0x00000000d6500000, 0x0000000100000000)
  eden space 12288K, 0% used [0x00000000d5580000,0x00000000d5580000,0x00000000d6180000)
  from space 1024K, 65% used [0x00000000d6200000,0x00000000d62a8000,0x00000000d6300000)
  to   space 1536K, 0% used [0x00000000d6380000,0x00000000d6380000,0x00000000d6500000)
 ParOldGen       total 86528K, used 86241K [0x0000000080000000, 0x0000000085480000, 0x00000000d5580000)
  object space 86528K, 99% used [0x0000000080000000,0x0000000085438728,0x0000000085480000)
 Metaspace       used 71151K, committed 72640K, reserved 1114112K
  class space    used 7498K, committed 8192K, reserved 1048576K
}

