# JRE version: OpenJDK Runtime Environment Temurin-21.0.10+7 (21.0.10+7) (build 21.0.10+7-LTS)
# Java VM: OpenJDK 64-Bit Server VM Temurin-21.0.10+7 (21.0.10+7-LTS, mixed mode, sharing, tiered, compressed oops, compressed class ptrs, parallel gc, windows-amd64)
GC Precious Log:
 CardTable entry size: 512
 CPUs: 8 total, 8 available
 Memory: 15610M
 Large Page Support: Disabled
 NUMA Support: Disabled
 Compressed Oops: Enabled (32-bit)
 Alignments: Space 512K, Generation 512K, Heap 2M
 Heap Min Capacity: 100M
 Heap Initial Capacity: 100M
 Heap Max Capacity: 2G
 Pre-touch: Disabled
 Parallel Workers: 8
Heap:
 PSYoungGen      total 5120K, used 1108K [0x00000000d5580000, 0x00000000d5b80000, 0x0000000100000000)
  eden space 4096K, 9% used [0x00000000d5580000,0x00000000d55e53c8,0x00000000d5980000)
  from space 1024K, 68% used [0x00000000d5980000,0x00000000d5a30000,0x00000000d5a80000)
  to   space 1024K, 0% used [0x00000000d5a80000,0x00000000d5a80000,0x00000000d5b80000)
 ParOldGen       total 285696K, used 285437K [0x0000000080000000, 0x0000000091700000, 0x00000000d5580000)
  object space 285696K, 99% used [0x0000000080000000,0x00000000916bf420,0x0000000091700000)
 Metaspace       used 65384K, committed 66880K, reserved 1114112K
  class space    used 6863K, committed 7488K, reserved 1048576K
GC Heap History (20 events):
Event: 83.887 GC heap before
{Heap before GC invocations=1191 (full 4):
 PSYoungGen      total 4608K, used 4384K [0x00000000d5580000, 0x00000000d5b00000, 0x0000000100000000)
  eden space 4096K, 100% used [0x00000000d5580000,0x00000000d5980000,0x00000000d5980000)
  from space 512K, 56% used [0x00000000d5a80000,0x00000000d5ac8000,0x00000000d5b00000)
  to   space 512K, 0% used [0x00000000d5a00000,0x00000000d5a00000,0x00000000d5a80000)
 ParOldGen       total 281600K, used 281360K [0x0000000080000000, 0x0000000091300000, 0x00000000d5580000)
  object space 281600K, 99% used [0x0000000080000000,0x00000000912c4008,0x0000000091300000)
 Metaspace       used 65198K, committed 66752K, reserved 1114112K
  class space    used 6853K, committed 7488K, reserved 1048576K
}
Event: 83.889 GC heap after
{Heap after GC invocations=1191 (full 4):
 PSYoungGen      total 4608K, used 385K [0x00000000d5580000, 0x00000000d5b00000, 0x0000000100000000)
  eden space 4096K, 0% used [0x00000000d5580000,0x00000000d5580000,0x00000000d5980000)
  from space 512K, 75% used [0x00000000d5a00000,0x00000000d5a60648,0x00000000d5a80000)
  to   space 512K, 0% used [0x00000000d5a80000,0x00000000d5a80000,0x00000000d5b00000)
 ParOldGen       total 281600K, used 281592K [0x0000000080000000, 0x0000000091300000, 0x00000000d5580000)
  object space 281600K, 99% used [0x0000000080000000,0x00000000912fe008,0x0000000091300000)
 Metaspace       used 65198K, committed 66752K, reserved 1114112K
  class space    used 6853K, committed 7488K, reserved 1048576K
}
Event: 83.927 GC heap before
{Heap before GC invocations=1192 (full 4):
 PSYoungGen      total 4608K, used 4481K [0x00000000d5580000, 0x00000000d5b00000, 0x0000000100000000)
  eden space 4096K, 100% used [0x00000000d5580000,0x00000000d5980000,0x00000000d5980000)
  from space 512K, 75% used [0x00000000d5a00000,0x00000000d5a60648,0x00000000d5a80000)
  to   space 512K, 0% used [0x00000000d5a80000,0x00000000d5a80000,0x00000000d5b00000)
 ParOldGen       total 281600K, used 281592K [0x0000000080000000, 0x0000000091300000, 0x00000000d5580000)
  object space 281600K, 99% used [0x0000000080000000,0x00000000912fe008,0x0000000091300000)
 Metaspace       used 65200K, committed 66752K, reserved 1114112K
  class space    used 6853K, committed 7488K, reserved 1048576K
}
Event: 83.929 GC heap after
{Heap after GC invocations=1192 (full 4):
 PSYoungGen      total 4608K, used 495K [0x00000000d5580000, 0x00000000d5b80000, 0x0000000100000000)
  eden space 4096K, 0% used [0x00000000d5580000,0x00000000d5580000,0x00000000d5980000)
  from space 512K, 96% used [0x00000000d5a80000,0x00000000d5afbcc8,0x00000000d5b00000)
  to   space 1024K, 0% used [0x00000000d5980000,0x00000000d5980000,0x00000000d5a80000)
 ParOldGen       total 282112K, used 281811K [0x0000000080000000, 0x0000000091380000, 0x00000000d5580000)
  object space 282112K, 99% used [0x0000000080000000,0x0000000091334e80,0x0000000091380000)
 Metaspace       used 65200K, committed 66752K, reserved 1114112K
  class space    used 6853K, committed 7488K, reserved 1048576K
}
Event: 83.950 GC heap before
{Heap before GC invocations=1193 (full 4):
 PSYoungGen      total 4608K, used 4591K [0x00000000d5580000, 0x00000000d5b80000, 0x0000000100000000)
  eden space 4096K, 100% used [0x00000000d5580000,0x00000000d5980000,0x00000000d5980000)
  from space 512K, 96% used [0x00000000d5a80000,0x00000000d5afbcc8,0x00000000d5b00000)
  to   space 1024K, 0% used [0x00000000d5980000,0x00000000d5980000,0x00000000d5a80000)
 ParOldGen       total 282112K, used 281811K [0x0000000080000000, 0x0000000091380000, 0x00000000d5580000)
  object space 282112K, 99% used [0x0000000080000000,0x0000000091334e80,0x0000000091380000)
 Metaspace       used 65202K, committed 66752K, reserved 1114112K
  class space    used 6853K, committed 7488K, reserved 1048576K
}
Event: 83.952 GC heap after
{Heap after GC invocations=1193 (full 4):
 PSYoungGen      total 5120K, used 303K [0x00000000d5580000, 0x00000000d5b00000, 0x0000000100000000)
  eden space 4096K, 0% used [0x00000000d5580000,0x00000000d5580000,0x00000000d5980000)
  from space 1024K, 29% used [0x00000000d5980000,0x00000000d59cbe10,0x00000000d5a80000)
  to   space 512K, 0% used [0x00000000d5a80000,0x00000000d5a80000,0x00000000d5b00000)
 ParOldGen       total 282624K, used 282164K [0x0000000080000000, 0x0000000091400000, 0x00000000d5580000)
  object space 282624K, 99% used [0x0000000080000000,0x000000009138d0c8,0x0000000091400000)
 Metaspace       used 65202K, committed 66752K, reserved 1114112K
  class space    used 6853K, committed 7488K, reserved 1048576K
}
Event: 83.976 GC heap before
{Heap before GC invocations=1194 (full 4):
 PSYoungGen      total 5120K, used 4399K [0x00000000d5580000, 0x00000000d5b00000, 0x0000000100000000)
  eden space 4096K, 100% used [0x00000000d5580000,0x00000000d5980000,0x00000000d5980000)
  from space 1024K, 29% used [0x00000000d5980000,0x00000000d59cbe10,0x00000000d5a80000)
  to   space 512K, 0% used [0x00000000d5a80000,0x00000000d5a80000,0x00000000d5b00000)
 ParOldGen       total 282624K, used 282164K [0x0000000080000000, 0x0000000091400000, 0x00000000d5580000)
  object space 282624K, 99% used [0x0000000080000000,0x000000009138d0c8,0x0000000091400000)
 Metaspace       used 65202K, committed 66752K, reserved 1114112K
  class space    used 6853K, committed 7488K, reserved 1048576K
}
Event: 83.978 GC heap after
{Heap after GC invocations=1194 (full 4):
 PSYoungGen      total 4608K, used 415K [0x00000000d5580000, 0x00000000d5b00000, 0x0000000100000000)
  eden space 4096K, 0% used [0x00000000d5580000,0x00000000d5580000,0x00000000d5980000)
  from space 512K, 81% used [0x00000000d5a80000,0x00000000d5ae7fa0,0x00000000d5b00000)
  to   space 512K, 0% used [0x00000000d5a00000,0x00000000d5a00000,0x00000000d5a80000)
 ParOldGen       total 282624K, used 282334K [0x0000000080000000, 0x0000000091400000, 0x00000000d5580000)
  object space 282624K, 99% used [0x0000000080000000,0x00000000913b7830,0x0000000091400000)
 Metaspace       used 65202K, committed 66752K, reserved 1114112K
  class space    used 6853K, committed 7488K, reserved 1048576K
}
Event: 84.009 GC heap before
{Heap before GC invocations=1195 (full 4):
 PSYoungGen      total 4608K, used 4511K [0x00000000d5580000, 0x00000000d5b00000, 0x0000000100000000)
  eden space 4096K, 100% used [0x00000000d5580000,0x00000000d5980000,0x00000000d5980000)
  from space 512K, 81% used [0x00000000d5a80000,0x00000000d5ae7fa0,0x00000000d5b00000)
  to   space 512K, 0% used [0x00000000d5a00000,0x00000000d5a00000,0x00000000d5a80000)
 ParOldGen       total 282624K, used 282334K [0x0000000080000000, 0x0000000091400000, 0x00000000d5580000)
  object space 282624K, 99% used [0x0000000080000000,0x00000000913b7830,0x0000000091400000)
 Metaspace       used 65202K, committed 66752K, reserved 1114112K
  class space    used 6853K, committed 7488K, reserved 1048576K
}
Event: 84.011 GC heap after
{Heap after GC invocations=1195 (full 4):
 PSYoungGen      total 4608K, used 445K [0x00000000d5580000, 0x00000000d5b00000, 0x0000000100000000)
  eden space 4096K, 0% used [0x00000000d5580000,0x00000000d5580000,0x00000000d5980000)
  from space 512K, 87% used [0x00000000d5a00000,0x00000000d5a6f638,0x00000000d5a80000)
  to   space 512K, 0% used [0x00000000d5a80000,0x00000000d5a80000,0x00000000d5b00000)
 ParOldGen       total 283648K, used 283373K [0x0000000080000000, 0x0000000091500000, 0x00000000d5580000)
  object space 283648K, 99% used [0x0000000080000000,0x00000000914bb760,0x0000000091500000)
 Metaspace       used 65202K, committed 66752K, reserved 1114112K
  class space    used 6853K, committed 7488K, reserved 1048576K
}
Event: 84.021 GC heap before
{Heap before GC invocations=1196 (full 4):
 PSYoungGen      total 4608K, used 4541K [0x00000000d5580000, 0x00000000d5b00000, 0x0000000100000000)
  eden space 4096K, 100% used [0x00000000d5580000,0x00000000d5980000,0x00000000d5980000)
  from space 512K, 87% used [0x00000000d5a00000,0x00000000d5a6f638,0x00000000d5a80000)
  to   space 512K, 0% used [0x00000000d5a80000,0x00000000d5a80000,0x00000000d5b00000)
 ParOldGen       total 283648K, used 283373K [0x0000000080000000, 0x0000000091500000, 0x00000000d5580000)
  object space 283648K, 99% used [0x0000000080000000,0x00000000914bb760,0x0000000091500000)
 Metaspace       used 65202K, committed 66752K, reserved 1114112K
  class space    used 6853K, committed 7488K, reserved 1048576K
}
Event: 84.023 GC heap after
{Heap after GC invocations=1196 (full 4):
 PSYoungGen      total 4608K, used 192K [0x00000000d5580000, 0x00000000d5b00000, 0x0000000100000000)
  eden space 4096K, 0% used [0x00000000d5580000,0x00000000d5580000,0x00000000d5980000)
  from space 512K, 37% used [0x00000000d5a80000,0x00000000d5ab0000,0x00000000d5b00000)
  to   space 512K, 0% used [0x00000000d5a00000,0x00000000d5a00000,0x00000000d5a80000)
 ParOldGen       total 284160K, used 283712K [0x0000000080000000, 0x0000000091580000, 0x00000000d5580000)
  object space 284160K, 99% used [0x0000000080000000,0x0000000091510398,0x0000000091580000)
 Metaspace       used 65202K, committed 66752K, reserved 1114112K
  class space    used 6853K, committed 7488K, reserved 1048576K
}
Event: 84.040 GC heap before
{Heap before GC invocations=1197 (full 4):
 PSYoungGen      total 4608K, used 4288K [0x00000000d5580000, 0x00000000d5b00000, 0x0000000100000000)
  eden space 4096K, 100% used [0x00000000d5580000,0x00000000d5980000,0x00000000d5980000)
  from space 512K, 37% used [0x00000000d5a80000,0x00000000d5ab0000,0x00000000d5b00000)
  to   space 512K, 0% used [0x00000000d5a00000,0x00000000d5a00000,0x00000000d5a80000)
 ParOldGen       total 284160K, used 283712K [0x0000000080000000, 0x0000000091580000, 0x00000000d5580000)
  object space 284160K, 99% used [0x0000000080000000,0x0000000091510398,0x0000000091580000)
 Metaspace       used 65202K, committed 66752K, reserved 1114112K
  class space    used 6853K, committed 7488K, reserved 1048576K
}
Event: 84.042 GC heap after
{Heap after GC invocations=1197 (full 4):
 PSYoungGen      total 4608K, used 351K [0x00000000d5580000, 0x00000000d5b00000, 0x0000000100000000)
  eden space 4096K, 0% used [0x00000000d5580000,0x00000000d5580000,0x00000000d5980000)
  from space 512K, 68% used [0x00000000d5a00000,0x00000000d5a57f70,0x00000000d5a80000)
  to   space 512K, 0% used [0x00000000d5a80000,0x00000000d5a80000,0x00000000d5b00000)
 ParOldGen       total 284160K, used 283824K [0x0000000080000000, 0x0000000091580000, 0x00000000d5580000)
  object space 284160K, 99% used [0x0000000080000000,0x000000009152c398,0x0000000091580000)
 Metaspace       used 65202K, committed 66752K, reserved 1114112K
  class space    used 6853K, committed 7488K, reserved 1048576K
}
Event: 84.059 GC heap before
{Heap before GC invocations=1198 (full 4):
 PSYoungGen      total 4608K, used 4447K [0x00000000d5580000, 0x00000000d5b00000, 0x0000000100000000)
  eden space 4096K, 100% used [0x00000000d5580000,0x00000000d5980000,0x00000000d5980000)
  from space 512K, 68% used [0x00000000d5a00000,0x00000000d5a57f70,0x00000000d5a80000)
  to   space 512K, 0% used [0x00000000d5a80000,0x00000000d5a80000,0x00000000d5b00000)
 ParOldGen       total 284160K, used 283824K [0x0000000080000000, 0x0000000091580000, 0x00000000d5580000)
  object space 284160K, 99% used [0x0000000080000000,0x000000009152c398,0x0000000091580000)
 Metaspace       used 65204K, committed 66752K, reserved 1114112K
  class space    used 6853K, committed 7488K, reserved 1048576K
}
Event: 84.061 GC heap after
{Heap after GC invocations=1198 (full 4):
 PSYoungGen      total 4608K, used 402K [0x00000000d5580000, 0x00000000d5b00000, 0x0000000100000000)
  eden space 4096K, 0% used [0x00000000d5580000,0x00000000d5580000,0x00000000d5980000)
  from space 512K, 78% used [0x00000000d5a80000,0x00000000d5ae48a0,0x00000000d5b00000)
  to   space 512K, 0% used [0x00000000d5a00000,0x00000000d5a00000,0x00000000d5a80000)
 ParOldGen       total 284160K, used 284047K [0x0000000080000000, 0x0000000091580000, 0x00000000d5580000)
  object space 284160K, 99% used [0x0000000080000000,0x0000000091563e28,0x0000000091580000)
 Metaspace       used 65204K, committed 66752K, reserved 1114112K
  class space    used 6853K, committed 7488K, reserved 1048576K
}
Event: 84.166 GC heap before
{Heap before GC invocations=1199 (full 4):
 PSYoungGen      total 4608K, used 4498K [0x00000000d5580000, 0x00000000d5b00000, 0x0000000100000000)
  eden space 4096K, 100% used [0x00000000d5580000,0x00000000d5980000,0x00000000d5980000)
  from space 512K, 78% used [0x00000000d5a80000,0x00000000d5ae48a0,0x00000000d5b00000)
  to   space 512K, 0% used [0x00000000d5a00000,0x00000000d5a00000,0x00000000d5a80000)
 ParOldGen       total 284160K, used 284047K [0x0000000080000000, 0x0000000091580000, 0x00000000d5580000)
  object space 284160K, 99% used [0x0000000080000000,0x0000000091563e28,0x0000000091580000)
 Metaspace       used 65291K, committed 66816K, reserved 1114112K
  class space    used 6861K, committed 7488K, reserved 1048576K
}
Event: 84.169 GC heap after
{Heap after GC invocations=1199 (full 4):
 PSYoungGen      total 4608K, used 512K [0x00000000d5580000, 0x00000000d5c80000, 0x0000000100000000)
  eden space 4096K, 0% used [0x00000000d5580000,0x00000000d5580000,0x00000000d5980000)
  from space 512K, 100% used [0x00000000d5a00000,0x00000000d5a80000,0x00000000d5a80000)
  to   space 1536K, 0% used [0x00000000d5b00000,0x00000000d5b00000,0x00000000d5c80000)
 ParOldGen       total 284672K, used 284542K [0x0000000080000000, 0x0000000091600000, 0x00000000d5580000)
  object space 284672K, 99% used [0x0000000080000000,0x00000000915dfa28,0x0000000091600000)
 Metaspace       used 65291K, committed 66816K, reserved 1114112K
  class space    used 6861K, committed 7488K, reserved 1048576K
}
Event: 84.221 GC heap before
{Heap before GC invocations=1200 (full 4):
 PSYoungGen      total 4608K, used 4608K [0x00000000d5580000, 0x00000000d5c80000, 0x0000000100000000)
  eden space 4096K, 100% used [0x00000000d5580000,0x00000000d5980000,0x00000000d5980000)
  from space 512K, 100% used [0x00000000d5a00000,0x00000000d5a80000,0x00000000d5a80000)
  to   space 1536K, 0% used [0x00000000d5b00000,0x00000000d5b00000,0x00000000d5c80000)
 ParOldGen       total 284672K, used 284542K [0x0000000080000000, 0x0000000091600000, 0x00000000d5580000)
  object space 284672K, 99% used [0x0000000080000000,0x00000000915dfa28,0x0000000091600000)
 Metaspace       used 65319K, committed 66816K, reserved 1114112K
  class space    used 6862K, committed 7488K, reserved 1048576K
}
Event: 84.224 GC heap after
{Heap after GC invocations=1200 (full 4):
 PSYoungGen      total 4608K, used 480K [0x00000000d5580000, 0x00000000d5b80000, 0x0000000100000000)
  eden space 4096K, 0% used [0x00000000d5580000,0x00000000d5580000,0x00000000d5980000)
  from space 512K, 93% used [0x00000000d5b00000,0x00000000d5b78020,0x00000000d5b80000)
  to   space 1024K, 0% used [0x00000000d5980000,0x00000000d5980000,0x00000000d5a80000)
 ParOldGen       total 285184K, used 285069K [0x0000000080000000, 0x0000000091680000, 0x00000000d5580000)
  object space 285184K, 99% used [0x0000000080000000,0x0000000091663400,0x0000000091680000)
 Metaspace       used 65319K, committed 66816K, reserved 1114112K
  class space    used 6862K, committed 7488K, reserved 1048576K
}

